<?xml version="1.0" encoding="UTF-8"?>
<!-- Generated by org.testng.reporters.JUnitReportReporter -->
<testsuite hostname="LENOVO2022" failures="0" tests="1" name="PageObjects.RegisterPage" time="0.007" errors="0" timestamp="2023-03-13T18:57:14 EDT" skipped="0">
  <testcase classname="PageObjects.RegisterPage" name="ReadExcelFile" time="0.007"/>
  <system-out/>
</testsuite> <!-- PageObjects.RegisterPage -->
