<?xml version="1.0" encoding="UTF-8"?>
<!-- Generated by org.testng.reporters.JUnitReportReporter -->
<testsuite hostname="LENOVO2022" failures="0" tests="2" name="StepDefintions.baseClass" time="3.068" errors="0" timestamp="2023-03-13T17:28:29 EDT" skipped="0">
  <testcase classname="StepDefintions.baseClass" name="ReadPropertyFile" time="0.005"/>
  <system-out/>
  <testcase classname="StepDefintions.baseClass" name="wLoadWebPage" time="3.063"/>
  <system-out/>
</testsuite> <!-- StepDefintions.baseClass -->
