<?xml version="1.0" encoding="UTF-8"?>
<!-- Generated by org.testng.reporters.JUnitReportReporter -->
<testsuite hostname="LENOVO2022" failures="0" tests="1" name="PageObjects.SignInPage" time="1.888" errors="0" timestamp="2023-03-17T09:21:14 EDT" skipped="0">
  <testcase classname="PageObjects.SignInPage" name="handlePageAlerts" time="1.888"/>
  <system-out/>
</testsuite> <!-- PageObjects.SignInPage -->
